<?xml version="1.0" encoding="UTF-8"?>
<!-- Generated by org.testng.reporters.JUnitReportReporter -->
<testsuite hostname="SreepriyaLap" failures="0" tests="1" name="login.NavigatingToUrl" time="2.710" errors="0" timestamp="2023-09-22T19:54:59 IST" skipped="0">
  <testcase classname="login.NavigatingToUrl" name="navigatingToApplication" time="2.710"/>
  <system-out/>
</testsuite> <!-- login.NavigatingToUrl -->
