<?xml version="1.0" encoding="UTF-8"?>
<!-- Generated by org.testng.reporters.JUnitReportReporter -->
<testsuite hostname="SreepriyaLap" failures="0" tests="1" name="register.NewRegistration" time="8.233" errors="0" timestamp="2023-09-23T14:01:01 IST" skipped="0">
  <testcase classname="register.NewRegistration" name="registration" time="8.233"/>
  <system-out/>
</testsuite> <!-- register.NewRegistration -->
