<?xml version="1.0" encoding="UTF-8"?>
<!-- Generated by org.testng.reporters.JUnitReportReporter -->
<testsuite hostname="SreepriyaLap" failures="0" tests="1" name="login.LoginToApplication" time="6.787" errors="0" timestamp="2023-09-23T13:53:55 IST" skipped="0">
  <testcase classname="login.LoginToApplication" name="login" time="6.787"/>
  <system-out/>
</testsuite> <!-- login.LoginToApplication -->
